<?xml version="1.0" encoding="UTF-8"?>
<!-- Generated by org.testng.reporters.JUnitReportReporter -->
<testsuite hostname="DESKTOP-3RT01RQ" failures="0" tests="4" name="com.test.AutomationFramework.AddingItemtocart" time="102.041" errors="0" timestamp="2022-10-06T11:08:45 PDT" skipped="0">
  <testcase classname="com.test.AutomationFramework.AddingItemtocart" name="Hovering" time="42.986"/>
  <system-out/>
  <testcase classname="com.test.AutomationFramework.AddingItemtocart" name="login" time="24.943"/>
  <system-out/>
  <testcase classname="com.test.AutomationFramework.AddingItemtocart" name="confirmOrder" time="17.356"/>
  <system-out/>
  <testcase classname="com.test.AutomationFramework.AddingItemtocart" name="contactDetails" time="16.756"/>
  <system-out/>
</testsuite> <!-- com.test.AutomationFramework.AddingItemtocart -->
