<?xml version="1.0" encoding="UTF-8"?>
<!-- Generated by org.testng.reporters.JUnitReportReporter -->
<testsuite hostname="DESKTOP-3RT01RQ" failures="0" tests="4" name="com.test.AutomationFramework.AddingItemtocart" time="78.764" errors="0" timestamp="2022-10-16T13:01:51 PDT" skipped="0">
  <testcase classname="com.test.AutomationFramework.AddingItemtocart" name="Hovering" time="37.425"/>
  <system-out/>
  <testcase classname="com.test.AutomationFramework.AddingItemtocart" name="login" time="17.159"/>
  <system-out/>
  <testcase classname="com.test.AutomationFramework.AddingItemtocart" name="confirmOrder" time="12.525"/>
  <system-out/>
  <testcase classname="com.test.AutomationFramework.AddingItemtocart" name="contactDetails" time="11.655"/>
  <system-out/>
</testsuite> <!-- com.test.AutomationFramework.AddingItemtocart -->
